<?xml version="1.0" encoding="UTF-8"?>
<testng-results ignored="0" total="4" passed="4" failed="0" skipped="0">
  <reporter-output>
  </reporter-output>
  <suite started-at="2022-09-22T10:00:23Z" name="Test Automation " finished-at="2022-09-22T10:02:31Z" duration-ms="127405">
    <groups>
    </groups>
    <test started-at="2022-09-22T10:00:23Z" name="Test Automation Testcases" finished-at="2022-09-22T10:02:31Z" duration-ms="127405">
      <class name="com.actitime.automation.testcases.HomePageTest">
        <test-method is-config="true" signature="seup()[pri:0, instance:com.actitime.automation.testcases.HomePageTest@7d3a22a9]" started-at="2022-09-22T10:00:23Z" name="seup" finished-at="2022-09-22T10:00:47Z" duration-ms="23673" status="PASS">
          <reporter-output>
          </reporter-output>
        </test-method> 
        <test-method signature="homePageLogoTest()[pri:1, instance:com.actitime.automation.testcases.HomePageTest@7d3a22a9]" started-at="2022-09-22T10:00:47Z" name="homePageLogoTest" finished-at="2022-09-22T10:00:54Z" duration-ms="7131" status="PASS">
          <reporter-output>
          </reporter-output>
        </test-method> 
        <test-method is-config="true" signature="tearDown()[pri:0, instance:com.actitime.automation.testcases.HomePageTest@7d3a22a9]" started-at="2022-09-22T10:00:54Z" name="tearDown" finished-at="2022-09-22T10:00:55Z" duration-ms="882" status="PASS">
          <reporter-output>
          </reporter-output>
        </test-method> 
      </class>
      <class name="com.actitime.automation.testcases.UsersPageTest">
        <test-method is-config="true" signature="seup()[pri:0, instance:com.actitime.automation.testcases.UsersPageTest@60704c]" started-at="2022-09-22T10:01:14Z" name="seup" finished-at="2022-09-22T10:01:50Z" duration-ms="36027" status="PASS">
          <reporter-output>
          </reporter-output>
        </test-method> 
        <test-method signature="usersTableTest()[pri:1, instance:com.actitime.automation.testcases.UsersPageTest@60704c]" started-at="2022-09-22T10:01:50Z" name="usersTableTest" finished-at="2022-09-22T10:01:50Z" duration-ms="147" status="PASS">
          <reporter-output>
          </reporter-output>
        </test-method> 
        <test-method is-config="true" signature="tearDown()[pri:0, instance:com.actitime.automation.testcases.UsersPageTest@60704c]" started-at="2022-09-22T10:01:50Z" name="tearDown" finished-at="2022-09-22T10:01:51Z" duration-ms="981" status="PASS">
          <reporter-output>
          </reporter-output>
        </test-method> 
      </class>
      <class name="com.actitime.automation.testcases.LogonPageTest">
        <test-method is-config="true" signature="seup()[pri:0, instance:com.actitime.automation.testcases.LogonPageTest@1d082e88]" started-at="2022-09-22T10:00:55Z" name="seup" finished-at="2022-09-22T10:01:13Z" duration-ms="17737" status="PASS">
          <reporter-output>
          </reporter-output>
        </test-method> <!-- seup -->
        <test-method signature="loginPageLogoTest()[pri:1, instance:com.actitime.automation.testcases.LogonPageTest@1d082e88]" started-at="2022-09-22T10:01:13Z" name="loginPageLogoTest" finished-at="2022-09-22T10:01:13Z" duration-ms="110" status="PASS">
          <reporter-output>
          </reporter-output>
        </test-method> 
        <test-method is-config="true" signature="tearDown()[pri:0, instance:com.actitime.automation.testcases.LogonPageTest@1d082e88]" started-at="2022-09-22T10:01:13Z" name="tearDown" finished-at="2022-09-22T10:01:14Z" duration-ms="1271" status="PASS">
          <reporter-output>
          </reporter-output>
        </test-method> 
      </class> 
      <class name="com.actitime.automation.testcases.ReportsPageTest">
        <test-method is-config="true" signature="seup()[pri:0, instance:com.actitime.automation.testcases.ReportsPageTest@6b19b79]" started-at="2022-09-22T10:01:51Z" name="seup" finished-at="2022-09-22T10:02:29Z" duration-ms="37226" status="PASS">
          <reporter-output>
          </reporter-output>
        </test-method> 
        <test-method signature="reportsListTest()[pri:1, instance:com.actitime.automation.testcases.ReportsPageTest@6b19b79]" started-at="2022-09-22T10:02:29Z" name="reportsListTest" finished-at="2022-09-22T10:02:29Z" duration-ms="311" status="PASS">
          <reporter-output>
          </reporter-output>
        </test-method> 
        <test-method is-config="true" signature="tearDown()[pri:0, instance:com.actitime.automation.testcases.ReportsPageTest@6b19b79]" started-at="2022-09-22T10:02:29Z" name="tearDown" finished-at="2022-09-22T10:02:31Z" duration-ms="1802" status="PASS">
          <reporter-output>
          </reporter-output>
        </test-method> 
      </class> 
    </test> 
  </suite> 
</testng-results>
